C:\MyGame\MyGameFormat\Debug\cl.command.1.tlog
C:\MyGame\MyGameFormat\Debug\CL.read.1.tlog
C:\MyGame\MyGameFormat\Debug\CL.write.1.tlog
C:\MYGAME\MYGAMEFORMAT\DEBUG\CONFIG.OBJ
C:\MYGAME\MYGAMEFORMAT\DEBUG\CSVREADER.OBJ
C:\MYGAME\MYGAMEFORMAT\DEBUG\DXFONT.OBJ
C:\MYGAME\MYGAMEFORMAT\DEBUG\DXINPUT.OBJ
C:\MYGAME\MYGAMEFORMAT\DEBUG\DXTIMECTRL.OBJ
C:\MYGAME\MYGAMEFORMAT\DEBUG\FUNC_GRAPHICS.OBJ
C:\MYGAME\MYGAMEFORMAT\DEBUG\FUNC_MATH.OBJ
C:\MYGAME\MYGAMEFORMAT\DEBUG\GLOBALDATA.OBJ
C:\MYGAME\MYGAMEFORMAT\DEBUG\IMAGE.OBJ
C:\MYGAME\MYGAMEFORMAT\DEBUG\KEYCONFIG.OBJ
C:\MyGame\MyGameFormat\Debug\link.11044.read.1.tlog
C:\MyGame\MyGameFormat\Debug\link.11044.write.1.tlog
C:\MyGame\MyGameFormat\Debug\link.11044-cvtres.read.1.tlog
C:\MyGame\MyGameFormat\Debug\link.11044-cvtres.write.1.tlog
C:\MyGame\MyGameFormat\Debug\link.3956.read.1.tlog
C:\MyGame\MyGameFormat\Debug\link.3956.write.1.tlog
C:\MyGame\MyGameFormat\Debug\link.3956-cvtres.read.1.tlog
C:\MyGame\MyGameFormat\Debug\link.3956-cvtres.write.1.tlog
C:\MyGame\MyGameFormat\Debug\link.command.1.tlog
C:\MyGame\MyGameFormat\Debug\link.read.1.tlog
C:\MyGame\MyGameFormat\Debug\link.write.1.tlog
C:\MyGame\MyGameFormat\Debug\link-cvtres.read.1.tlog
C:\MyGame\MyGameFormat\Debug\link-cvtres.write.1.tlog
C:\MYGAME\MYGAMEFORMAT\DEBUG\MAIN.OBJ
C:\MyGame\MyGameFormat\Debug\mt.command.1.tlog
C:\MyGame\MyGameFormat\Debug\mt.read.1.tlog
C:\MyGame\MyGameFormat\Debug\mt.write.1.tlog
C:\MYGAME\MYGAMEFORMAT\DEBUG\MYFILES.OBJ
C:\MYGAME\MYGAMEFORMAT\DEBUG\MYGAMEFORMAT.EXE
C:\MYGAME\MYGAMEFORMAT\DEBUG\MYGAMEFORMAT.EXE.EMBED.MANIFEST
C:\MYGAME\MYGAMEFORMAT\DEBUG\MYGAMEFORMAT.EXE.EMBED.MANIFEST.RES
C:\MYGAME\MYGAMEFORMAT\DEBUG\MYGAMEFORMAT.EXE.INTERMEDIATE.MANIFEST
C:\MYGAME\MYGAMEFORMAT\DEBUG\MYGAMEFORMAT.ILK
C:\MYGAME\MYGAMEFORMAT\DEBUG\MYGAMEFORMAT.PDB
C:\MyGame\MyGameFormat\Debug\MyGameFormat_manifest.rc
C:\MYGAME\MYGAMEFORMAT\DEBUG\MYTASK.OBJ
C:\MYGAME\MYGAMEFORMAT\DEBUG\MYTASK_SAMPLE.OBJ
C:\MYGAME\MYGAMEFORMAT\DEBUG\MYTASKLIST.OBJ
C:\MyGame\MyGameFormat\Debug\rc.command.1.tlog
C:\MyGame\MyGameFormat\Debug\rc.read.1.tlog
C:\MyGame\MyGameFormat\Debug\rc.write.1.tlog
C:\MYGAME\MYGAMEFORMAT\DEBUG\SCENE_BASE.OBJ
C:\MYGAME\MYGAMEFORMAT\DEBUG\SCENE_SAMPLE.OBJ
C:\MYGAME\MYGAMEFORMAT\DEBUG\SELECTABLE.OBJ
C:\MYGAME\MYGAMEFORMAT\DEBUG\SOUND.OBJ
C:\MyGame\MyGameFormat\Debug\vc100.idb
C:\MYGAME\MYGAMEFORMAT\DEBUG\VC100.PDB
