C:\MYGAME\MYGAMEFORMAT\RELEASE\CONFIG.OBJ
C:\MYGAME\MYGAMEFORMAT\RELEASE\CSVREADER.OBJ
C:\MYGAME\MYGAMEFORMAT\RELEASE\DXFONT.OBJ
C:\MYGAME\MYGAMEFORMAT\RELEASE\DXINPUT.OBJ
C:\MYGAME\MYGAMEFORMAT\RELEASE\DXTIMECTRL.OBJ
C:\MYGAME\MYGAMEFORMAT\RELEASE\FUNC_GRAPHICS.OBJ
C:\MYGAME\MYGAMEFORMAT\RELEASE\FUNC_MATH.OBJ
C:\MYGAME\MYGAMEFORMAT\RELEASE\GLOBALDATA.OBJ
C:\MYGAME\MYGAMEFORMAT\RELEASE\IMAGE.OBJ
C:\MYGAME\MYGAMEFORMAT\RELEASE\KEYCONFIG.OBJ
C:\MYGAME\MYGAMEFORMAT\RELEASE\MAIN.OBJ
C:\MYGAME\MYGAMEFORMAT\RELEASE\MUSIC.OBJ
C:\MYGAME\MYGAMEFORMAT\RELEASE\MYFILES.OBJ
C:\MYGAME\MYGAMEFORMAT\RELEASE\MYGAMEFORMAT.EXE
C:\MYGAME\MYGAMEFORMAT\RELEASE\MYGAMEFORMAT.EXE.INTERMEDIATE.MANIFEST
C:\MYGAME\MYGAMEFORMAT\RELEASE\MYGAMEFORMAT.PDB
C:\MYGAME\MYGAMEFORMAT\RELEASE\MYTASK.OBJ
C:\MYGAME\MYGAMEFORMAT\RELEASE\MYTASK_SAMPLE.OBJ
C:\MYGAME\MYGAMEFORMAT\RELEASE\MYTASKLIST.OBJ
C:\MYGAME\MYGAMEFORMAT\RELEASE\PLAYER_SAMPLE.OBJ
C:\MYGAME\MYGAMEFORMAT\RELEASE\SCENE_BASE.OBJ
C:\MYGAME\MYGAMEFORMAT\RELEASE\SCENE_SAMPLE.OBJ
C:\MYGAME\MYGAMEFORMAT\RELEASE\SELECTABLE.OBJ
C:\MYGAME\MYGAMEFORMAT\RELEASE\SOUND.OBJ
C:\MYGAME\MYGAMEFORMAT\RELEASE\VC100.PDB
C:\MyGame\さまよいの国のアリス\Release\cl.command.1.tlog
C:\MyGame\さまよいの国のアリス\Release\CL.read.1.tlog
C:\MyGame\さまよいの国のアリス\Release\CL.write.1.tlog
C:\MyGame\さまよいの国のアリス\Release\Config.obj
C:\MyGame\さまよいの国のアリス\Release\CsvReader.obj
C:\MyGame\さまよいの国のアリス\Release\DXFont.obj
C:\MyGame\さまよいの国のアリス\Release\DXInput.obj
C:\MyGame\さまよいの国のアリス\Release\DXTimeCtrl.obj
C:\MyGame\さまよいの国のアリス\Release\Func_Graphics.obj
C:\MyGame\さまよいの国のアリス\Release\Func_Math.obj
C:\MyGame\さまよいの国のアリス\Release\GlobalData.obj
C:\MyGame\さまよいの国のアリス\Release\Image.obj
C:\MyGame\さまよいの国のアリス\Release\KeyConfig.obj
C:\MyGame\さまよいの国のアリス\Release\link.command.1.tlog
C:\MyGame\さまよいの国のアリス\Release\link.read.1.tlog
C:\MyGame\さまよいの国のアリス\Release\link.write.1.tlog
C:\MyGame\さまよいの国のアリス\Release\main.obj
C:\MyGame\さまよいの国のアリス\Release\mt.command.1.tlog
C:\MyGame\さまよいの国のアリス\Release\mt.read.1.tlog
C:\MyGame\さまよいの国のアリス\Release\mt.write.1.tlog
C:\MyGame\さまよいの国のアリス\Release\Music.obj
C:\MyGame\さまよいの国のアリス\Release\MyFiles.obj
C:\MyGame\さまよいの国のアリス\Release\MyGameFormat.exe
C:\MyGame\さまよいの国のアリス\Release\MyGameFormat.exe.intermediate.manifest
C:\MyGame\さまよいの国のアリス\Release\MyGameFormat.pdb
C:\MyGame\さまよいの国のアリス\Release\MyTask.obj
C:\MyGame\さまよいの国のアリス\Release\MyTask_Sample.obj
C:\MyGame\さまよいの国のアリス\Release\MyTaskList.obj
C:\MyGame\さまよいの国のアリス\Release\Player_Sample.obj
C:\MyGame\さまよいの国のアリス\Release\Scene_Base.obj
C:\MyGame\さまよいの国のアリス\Release\Scene_Sample.obj
C:\MyGame\さまよいの国のアリス\Release\Selectable.obj
C:\MyGame\さまよいの国のアリス\Release\Sound.obj
C:\MyGame\さまよいの国のアリス\Release\vc100.pdb
C:\MYGAMEFORMAT\RELEASE\CONFIG.OBJ
C:\MYGAMEFORMAT\RELEASE\CSVREADER.OBJ
C:\MYGAMEFORMAT\RELEASE\DXFONT.OBJ
C:\MYGAMEFORMAT\RELEASE\DXINPUT.OBJ
C:\MYGAMEFORMAT\RELEASE\DXTIMECTRL.OBJ
C:\MYGAMEFORMAT\RELEASE\FUNC_GRAPHICS.OBJ
C:\MYGAMEFORMAT\RELEASE\FUNC_MATH.OBJ
C:\MYGAMEFORMAT\RELEASE\IMAGE.OBJ
C:\MYGAMEFORMAT\RELEASE\KEYCONFIG.OBJ
C:\MYGAMEFORMAT\RELEASE\MAIN.OBJ
C:\MYGAMEFORMAT\RELEASE\MYFILES.OBJ
C:\MYGAMEFORMAT\RELEASE\MYGAMEFORMAT.EXE
C:\MYGAMEFORMAT\RELEASE\MYGAMEFORMAT.EXE.INTERMEDIATE.MANIFEST
C:\MYGAMEFORMAT\RELEASE\MYGAMEFORMAT.PDB
C:\MYGAMEFORMAT\RELEASE\MYTASK.OBJ
C:\MYGAMEFORMAT\RELEASE\MYTASK_SAMPLE.OBJ
C:\MYGAMEFORMAT\RELEASE\MYTASKLIST.OBJ
C:\MYGAMEFORMAT\RELEASE\SCENE_BASE.OBJ
C:\MYGAMEFORMAT\RELEASE\SCENE_SAMPLE.OBJ
C:\MYGAMEFORMAT\RELEASE\SELECTABLE.OBJ
C:\MYGAMEFORMAT\RELEASE\SOUND.OBJ
C:\MYGAMEFORMAT\RELEASE\VC100.PDB
C:\MYPROGRAM\MYGAMEFORMAT\RELEASE\CONFIG.OBJ
C:\MYPROGRAM\MYGAMEFORMAT\RELEASE\DXFONT.OBJ
C:\MYPROGRAM\MYGAMEFORMAT\RELEASE\DXINPUT.OBJ
C:\MYPROGRAM\MYGAMEFORMAT\RELEASE\DXTIMECTRL.OBJ
C:\MYPROGRAM\MYGAMEFORMAT\RELEASE\FUNC_MATH.OBJ
C:\MYPROGRAM\MYGAMEFORMAT\RELEASE\IMAGE.OBJ
C:\MYPROGRAM\MYGAMEFORMAT\RELEASE\MAIN.OBJ
C:\MYPROGRAM\MYGAMEFORMAT\RELEASE\MUSIC.OBJ
C:\MYPROGRAM\MYGAMEFORMAT\RELEASE\MYGAMEFORMAT.EXE
C:\MYPROGRAM\MYGAMEFORMAT\RELEASE\MYGAMEFORMAT.EXE.INTERMEDIATE.MANIFEST
C:\MYPROGRAM\MYGAMEFORMAT\RELEASE\MYGAMEFORMAT.PDB
C:\MYPROGRAM\MYGAMEFORMAT\RELEASE\SCENE_BASE.OBJ
C:\MYPROGRAM\MYGAMEFORMAT\RELEASE\SCENE_SAMPLE.OBJ
C:\MYPROGRAM\MYGAMEFORMAT\RELEASE\SOUND.OBJ
C:\MYPROGRAM\MYGAMEFORMAT\RELEASE\VC100.PDB
